<?xml version="1.0" encoding="UTF-8"?>
<!-- Generated by org.testng.reporters.JUnitReportReporter -->
<testsuite hostname="DESKTOP-JI918Q2" name="org.test.Testing" tests="2" failures="0" timestamp="10 Nov 2021 08:46:44 GMT" time="2.425" errors="0">
  <testcase name="loginPage1" time="1.120" classname="org.test.Testing"/>
  <testcase name="page2" time="1.305" classname="org.test.Testing"/>
</testsuite> <!-- org.test.Testing -->
